[0629/160112.403:ERROR:process_reader_win.cc(242)] ReadMemory at 0x8e0000 of 64 bytes failed: 仅完成部分的 ReadProcessMemory 或 WriteProcessMemory 请求。 (0x12B)
[0629/160112.405:WARNING:pe_image_reader.cc(302)] could not read dos header from C:\Program Files (x86)\Google\Chrome\Application\chrome.exe
[0629/160112.405:ERROR:process_reader_win.cc(242)] ReadMemory at 0x770b0000 of 64 bytes failed: 仅完成部分的 ReadProcessMemory 或 WriteProcessMemory 请求。 (0x12B)
[0629/160112.405:WARNING:pe_image_reader.cc(302)] could not read dos header from C:\WINDOWS\SYSTEM32\ntdll.dll
[0629/160112.405:ERROR:process_reader_win.cc(242)] ReadMemory at 0x76b80000 of 64 bytes failed: 仅完成部分的 ReadProcessMemory 或 WriteProcessMemory 请求。 (0x12B)
[0629/160112.406:WARNING:pe_image_reader.cc(302)] could not read dos header from C:\WINDOWS\System32\KERNEL32.DLL
[0629/160112.406:ERROR:process_reader_win.cc(242)] ReadMemory at 0x768a0000 of 64 bytes failed: 仅完成部分的 ReadProcessMemory 或 WriteProcessMemory 请求。 (0x12B)
[0629/160112.406:WARNING:pe_image_reader.cc(302)] could not read dos header from C:\WINDOWS\System32\KERNELBASE.dll
[0629/160112.406:ERROR:process_reader_win.cc(242)] ReadMemory at 0x72b10000 of 64 bytes failed: 仅完成部分的 ReadProcessMemory 或 WriteProcessMemory 请求。 (0x12B)
[0629/160112.406:WARNING:pe_image_reader.cc(302)] could not read dos header from C:\WINDOWS\SYSTEM32\apphelp.dll
[0629/160112.406:ERROR:process_reader_win.cc(242)] ReadMemory at 0x73f70000 of 64 bytes failed: 仅完成部分的 ReadProcessMemory 或 WriteProcessMemory 请求。 (0x12B)
[0629/160112.406:WARNING:pe_image_reader.cc(302)] could not read dos header from C:\WINDOWS\System32\ADVAPI32.dll
[0629/160112.406:ERROR:process_reader_win.cc(242)] ReadMemory at 0x750a0000 of 64 bytes failed: 仅完成部分的 ReadProcessMemory 或 WriteProcessMemory 请求。 (0x12B)
[0629/160112.406:WARNING:pe_image_reader.cc(302)] could not read dos header from C:\WINDOWS\System32\msvcrt.dll
[0629/160112.406:ERROR:process_reader_win.cc(242)] ReadMemory at 0x74b90000 of 64 bytes failed: 仅完成部分的 ReadProcessMemory 或 WriteProcessMemory 请求。 (0x12B)
[0629/160112.406:WARNING:pe_image_reader.cc(302)] could not read dos header from C:\WINDOWS\System32\sechost.dll
[0629/160112.406:ERROR:process_reader_win.cc(242)] ReadMemory at 0x73ab0000 of 64 bytes failed: 仅完成部分的 ReadProcessMemory 或 WriteProcessMemory 请求。 (0x12B)
[0629/160112.406:WARNING:pe_image_reader.cc(302)] could not read dos header from C:\WINDOWS\System32\RPCRT4.dll
[0629/160112.406:ERROR:process_reader_win.cc(242)] ReadMemory at 0x73970000 of 64 bytes failed: 仅完成部分的 ReadProcessMemory 或 WriteProcessMemory 请求。 (0x12B)
[0629/160112.406:WARNING:pe_image_reader.cc(302)] could not read dos header from C:\WINDOWS\System32\SspiCli.dll
[0629/160112.406:ERROR:process_reader_win.cc(242)] ReadMemory at 0x73960000 of 64 bytes failed: 仅完成部分的 ReadProcessMemory 或 WriteProcessMemory 请求。 (0x12B)
[0629/160112.406:WARNING:pe_image_reader.cc(302)] could not read dos header from C:\WINDOWS\System32\CRYPTBASE.dll
[0629/160112.406:ERROR:process_reader_win.cc(242)] ReadMemory at 0x76af0000 of 64 bytes failed: 仅完成部分的 ReadProcessMemory 或 WriteProcessMemory 请求。 (0x12B)
[0629/160112.406:WARNING:pe_image_reader.cc(302)] could not read dos header from C:\WINDOWS\System32\bcryptPrimitives.dll
[0629/160112.406:ERROR:process_reader_win.cc(242)] ReadMemory at 0x74320000 of 64 bytes failed: 仅完成部分的 ReadProcessMemory 或 WriteProcessMemory 请求。 (0x12B)
[0629/160112.406:WARNING:pe_image_reader.cc(302)] could not read dos header from C:\WINDOWS\System32\PSAPI.DLL
[0629/160112.406:ERROR:process_reader_win.cc(242)] ReadMemory at 0x753a0000 of 64 bytes failed: 仅完成部分的 ReadProcessMemory 或 WriteProcessMemory 请求。 (0x12B)
[0629/160112.406:WARNING:pe_image_reader.cc(302)] could not read dos header from C:\WINDOWS\System32\SHELL32.dll
[0629/160112.406:ERROR:process_reader_win.cc(242)] ReadMemory at 0x76f70000 of 64 bytes failed: 仅完成部分的 ReadProcessMemory 或 WriteProcessMemory 请求。 (0x12B)
[0629/160112.406:WARNING:pe_image_reader.cc(302)] could not read dos header from C:\WINDOWS\System32\cfgmgr32.dll
[0629/160112.406:ERROR:process_reader_win.cc(242)] ReadMemory at 0x73b90000 of 64 bytes failed: 仅完成部分的 ReadProcessMemory 或 WriteProcessMemory 请求。 (0x12B)
[0629/160112.406:WARNING:pe_image_reader.cc(302)] could not read dos header from C:\WINDOWS\System32\ucrtbase.dll
[0629/160112.406:ERROR:process_reader_win.cc(242)] ReadMemory at 0x75010000 of 64 bytes failed: 仅完成部分的 ReadProcessMemory 或 WriteProcessMemory 请求。 (0x12B)
[0629/160112.406:WARNING:pe_image_reader.cc(302)] could not read dos header from C:\WINDOWS\System32\shcore.dll
[0629/160112.406:ERROR:process_reader_win.cc(242)] ReadMemory at 0x73d10000 of 64 bytes failed: 仅完成部分的 ReadProcessMemory 或 WriteProcessMemory 请求。 (0x12B)
[0629/160112.406:WARNING:pe_image_reader.cc(302)] could not read dos header from C:\WINDOWS\System32\combase.dll
[0629/160112.406:ERROR:process_reader_win.cc(242)] ReadMemory at 0x74470000 of 64 bytes failed: 仅完成部分的 ReadProcessMemory 或 WriteProcessMemory 请求。 (0x12B)
[0629/160112.406:WARNING:pe_image_reader.cc(302)] could not read dos header from C:\WINDOWS\System32\windows.storage.dll
[0629/160112.406:ERROR:process_reader_win.cc(242)] ReadMemory at 0x76dd0000 of 64 bytes failed: 仅完成部分的 ReadProcessMemory 或 WriteProcessMemory 请求。 (0x12B)
[0629/160112.406:WARNING:pe_image_reader.cc(302)] could not read dos header from C:\WINDOWS\System32\shlwapi.dll
[0629/160112.406:ERROR:process_reader_win.cc(242)] ReadMemory at 0x76f40000 of 64 bytes failed: 仅完成部分的 ReadProcessMemory 或 WriteProcessMemory 请求。 (0x12B)
[0629/160112.407:WARNING:pe_image_reader.cc(302)] could not read dos header from C:\WINDOWS\System32\GDI32.dll
[0629/160112.407:ERROR:process_reader_win.cc(242)] ReadMemory at 0x76c60000 of 64 bytes failed: 仅完成部分的 ReadProcessMemory 或 WriteProcessMemory 请求。 (0x12B)
[0629/160112.407:WARNING:pe_image_reader.cc(302)] could not read dos header from C:\WINDOWS\System32\gdi32full.dll
[0629/160112.407:ERROR:process_reader_win.cc(242)] ReadMemory at 0x75320000 of 64 bytes failed: 仅完成部分的 ReadProcessMemory 或 WriteProcessMemory 请求。 (0x12B)
[0629/160112.407:WARNING:pe_image_reader.cc(302)] could not read dos header from C:\WINDOWS\System32\msvcp_win.dll
[0629/160112.407:ERROR:process_reader_win.cc(242)] ReadMemory at 0x73ff0000 of 64 bytes failed: 仅完成部分的 ReadProcessMemory 或 WriteProcessMemory 请求。 (0x12B)
[0629/160112.407:WARNING:pe_image_reader.cc(302)] could not read dos header from C:\WINDOWS\System32\USER32.dll
[0629/160112.407:ERROR:process_reader_win.cc(242)] ReadMemory at 0x74180000 of 64 bytes failed: 仅完成部分的 ReadProcessMemory 或 WriteProcessMemory 请求。 (0x12B)
[0629/160112.407:WARNING:pe_image_reader.cc(302)] could not read dos header from C:\WINDOWS\System32\win32u.dll
[0629/160112.407:ERROR:process_reader_win.cc(242)] ReadMemory at 0x74a30000 of 64 bytes failed: 仅完成部分的 ReadProcessMemory 或 WriteProcessMemory 请求。 (0x12B)
[0629/160112.407:WARNING:pe_image_reader.cc(302)] could not read dos header from C:\WINDOWS\System32\kernel.appcore.dll
[0629/160112.407:ERROR:process_reader_win.cc(242)] ReadMemory at 0x73b70000 of 64 bytes failed: 仅完成部分的 ReadProcessMemory 或 WriteProcessMemory 请求。 (0x12B)
[0629/160112.407:WARNING:pe_image_reader.cc(302)] could not read dos header from C:\WINDOWS\System32\profapi.dll
[0629/160112.407:ERROR:process_reader_win.cc(242)] ReadMemory at 0x75160000 of 64 bytes failed: 仅完成部分的 ReadProcessMemory 或 WriteProcessMemory 请求。 (0x12B)
[0629/160112.407:WARNING:pe_image_reader.cc(302)] could not read dos header from C:\WINDOWS\System32\powrprof.dll
[0629/160112.407:ERROR:process_reader_win.cc(242)] ReadMemory at 0x76fb0000 of 64 bytes failed: 仅完成部分的 ReadProcessMemory 或 WriteProcessMemory 请求。 (0x12B)
[0629/160112.407:WARNING:pe_image_reader.cc(302)] could not read dos header from C:\WINDOWS\System32\FLTLIB.DLL
[0629/160112.407:ERROR:process_reader_win.cc(242)] ReadMemory at 0x71f70000 of 64 bytes failed: 仅完成部分的 ReadProcessMemory 或 WriteProcessMemory 请求。 (0x12B)
[0629/160112.407:WARNING:pe_image_reader.cc(302)] could not read dos header from C:\Program Files (x86)\Google\Chrome\Application\67.0.3396.99\chrome_elf.dll
[0629/160112.407:ERROR:process_reader_win.cc(242)] ReadMemory at 0x73950000 of 64 bytes failed: 仅完成部分的 ReadProcessMemory 或 WriteProcessMemory 请求。 (0x12B)
[0629/160112.407:WARNING:pe_image_reader.cc(302)] could not read dos header from C:\WINDOWS\SYSTEM32\VERSION.dll
[0629/160112.407:ERROR:process_reader_win.cc(242)] ReadMemory at 0x72430000 of 64 bytes failed: 仅完成部分的 ReadProcessMemory 或 WriteProcessMemory 请求。 (0x12B)
[0629/160112.407:WARNING:pe_image_reader.cc(302)] could not read dos header from C:\WINDOWS\SYSTEM32\WINMM.dll
[0629/160112.407:ERROR:process_reader_win.cc(242)] ReadMemory at 0x73920000 of 64 bytes failed: 仅完成部分的 ReadProcessMemory 或 WriteProcessMemory 请求。 (0x12B)
[0629/160112.407:WARNING:pe_image_reader.cc(302)] could not read dos header from C:\WINDOWS\SYSTEM32\USERENV.dll
[0629/160112.407:ERROR:process_reader_win.cc(242)] ReadMemory at 0x73120000 of 64 bytes failed: 仅完成部分的 ReadProcessMemory 或 WriteProcessMemory 请求。 (0x12B)
[0629/160112.407:WARNING:pe_image_reader.cc(302)] could not read dos header from C:\WINDOWS\SYSTEM32\WINHTTP.dll
[0629/160112.407:ERROR:process_reader_win.cc(242)] ReadMemory at 0x722b0000 of 64 bytes failed: 仅完成部分的 ReadProcessMemory 或 WriteProcessMemory 请求。 (0x12B)
[0629/160112.407:WARNING:pe_image_reader.cc(302)] could not read dos header from C:\WINDOWS\SYSTEM32\WINMMBASE.dll
[0629/160112.407:ERROR:process_reader_win.cc(242)] ReadMemory at 0x742f0000 of 64 bytes failed: 仅完成部分的 ReadProcessMemory 或 WriteProcessMemory 请求。 (0x12B)
[0629/160112.407:WARNING:pe_image_reader.cc(302)] could not read dos header from C:\WINDOWS\System32\IMM32.DLL
[0629/160112.407:ERROR:process_reader_win.cc(242)] ReadMemory at 0x70390000 of 64 bytes failed: 仅完成部分的 ReadProcessMemory 或 WriteProcessMemory 请求。 (0x12B)
[0629/160112.407:WARNING:pe_image_reader.cc(302)] could not read dos header from D:\杞浠\360瀹ㄥ澹\360Safe\safemon\safemon.dll
[0629/160112.407:ERROR:process_reader_win.cc(242)] ReadMemory at 0x741f0000 of 64 bytes failed: 仅完成部分的 ReadProcessMemory 或 WriteProcessMemory 请求。 (0x12B)
[0629/160112.407:WARNING:pe_image_reader.cc(302)] could not read dos header from C:\WINDOWS\System32\ole32.dll
[0629/160112.407:ERROR:process_reader_win.cc(242)] ReadMemory at 0x739a0000 of 64 bytes failed: 仅完成部分的 ReadProcessMemory 或 WriteProcessMemory 请求。 (0x12B)
[0629/160112.407:WARNING:pe_image_reader.cc(302)] could not read dos header from C:\WINDOWS\System32\OLEAUT32.dll
[0629/160112.407:ERROR:process_reader_win.cc(242)] ReadMemory at 0x73a40000 of 64 bytes failed: 仅完成部分的 ReadProcessMemory 或 WriteProcessMemory 请求。 (0x12B)
[0629/160112.407:WARNING:pe_image_reader.cc(302)] could not read dos header from C:\WINDOWS\System32\WS2_32.dll
[0629/160112.407:ERROR:process_reader_win.cc(242)] ReadMemory at 0x71890000 of 64 bytes failed: 仅完成部分的 ReadProcessMemory 或 WriteProcessMemory 请求。 (0x12B)
[0629/160112.407:WARNING:pe_image_reader.cc(302)] could not read dos header from C:\WINDOWS\SYSTEM32\OLEACC.dll
[0629/160112.407:ERROR:process_reader_win.cc(242)] ReadMemory at 0x738f0000 of 64 bytes failed: 仅完成部分的 ReadProcessMemory 或 WriteProcessMemory 请求。 (0x12B)
[0629/160112.407:WARNING:pe_image_reader.cc(302)] could not read dos header from C:\WINDOWS\SYSTEM32\NETAPI32.dll
[0629/160112.407:ERROR:process_reader_win.cc(242)] ReadMemory at 0x72f30000 of 64 bytes failed: 仅完成部分的 ReadProcessMemory 或 WriteProcessMemory 请求。 (0x12B)
[0629/160112.407:WARNING:pe_image_reader.cc(302)] could not read dos header from C:\WINDOWS\SYSTEM32\NETUTILS.DLL
[0629/160112.408:ERROR:process_reader_win.cc(242)] ReadMemory at 0x72fd0000 of 64 bytes failed: 仅完成部分的 ReadProcessMemory 或 WriteProcessMemory 请求。 (0x12B)
[0629/160112.408:WARNING:pe_image_reader.cc(302)] could not read dos header from C:\WINDOWS\SYSTEM32\WKSCLI.DLL
[0629/160112.408:ERROR:process_reader_win.cc(242)] ReadMemory at 0x737f0000 of 64 bytes failed: 仅完成部分的 ReadProcessMemory 或 WriteProcessMemory 请求。 (0x12B)
[0629/160112.408:WARNING:pe_image_reader.cc(302)] could not read dos header from C:\WINDOWS\SYSTEM32\bcrypt.dll
[0629/160112.408:ERROR:process_reader_win.cc(242)] ReadMemory at 0xf280000 of 64 bytes failed: 仅完成部分的 ReadProcessMemory 或 WriteProcessMemory 请求。 (0x12B)
[0629/160112.408:WARNING:pe_image_reader.cc(302)] could not read dos header from C:\Program Files (x86)\Google\Chrome\Application\67.0.3396.99\chrome_child.dll
[0629/160112.408:ERROR:process_reader_win.cc(242)] ReadMemory at 0x74390000 of 64 bytes failed: 仅完成部分的 ReadProcessMemory 或 WriteProcessMemory 请求。 (0x12B)
[0629/160112.408:WARNING:pe_image_reader.cc(302)] could not read dos header from C:\WINDOWS\System32\COMDLG32.dll
[0629/160112.408:ERROR:process_reader_win.cc(242)] ReadMemory at 0x741a0000 of 64 bytes failed: 仅完成部分的 ReadProcessMemory 或 WriteProcessMemory 请求。 (0x12B)
[0629/160112.408:WARNING:pe_image_reader.cc(302)] could not read dos header from C:\WINDOWS\System32\WINTRUST.dll
[0629/160112.408:ERROR:process_reader_win.cc(242)] ReadMemory at 0x76890000 of 64 bytes failed: 仅完成部分的 ReadProcessMemory 或 WriteProcessMemory 请求。 (0x12B)
[0629/160112.408:WARNING:pe_image_reader.cc(302)] could not read dos header from C:\WINDOWS\System32\MSASN1.dll
[0629/160112.408:ERROR:process_reader_win.cc(242)] ReadMemory at 0x766f0000 of 64 bytes failed: 仅完成部分的 ReadProcessMemory 或 WriteProcessMemory 请求。 (0x12B)
[0629/160112.408:WARNING:pe_image_reader.cc(302)] could not read dos header from C:\WINDOWS\System32\CRYPT32.dll
[0629/160112.408:ERROR:process_reader_win.cc(242)] ReadMemory at 0x70780000 of 64 bytes failed: 仅完成部分的 ReadProcessMemory 或 WriteProcessMemory 请求。 (0x12B)
[0629/160112.408:WARNING:pe_image_reader.cc(302)] could not read dos header from C:\WINDOWS\WinSxS\x86_microsoft.windows.common-controls_6595b64144ccf1df_6.0.17134.112_none_42ecccf244e44518\COMCTL32.dll
[0629/160112.408:ERROR:process_reader_win.cc(242)] ReadMemory at 0x71880000 of 64 bytes failed: 仅完成部分的 ReadProcessMemory 或 WriteProcessMemory 请求。 (0x12B)
[0629/160112.408:WARNING:pe_image_reader.cc(302)] could not read dos header from C:\WINDOWS\SYSTEM32\Secur32.dll
[0629/160112.408:ERROR:process_reader_win.cc(242)] ReadMemory at 0x724e0000 of 64 bytes failed: 仅完成部分的 ReadProcessMemory 或 WriteProcessMemory 请求。 (0x12B)
[0629/160112.408:WARNING:pe_image_reader.cc(302)] could not read dos header from C:\WINDOWS\SYSTEM32\dbghelp.dll
[0629/160112.408:ERROR:process_reader_win.cc(242)] ReadMemory at 0x72fb0000 of 64 bytes failed: 仅完成部分的 ReadProcessMemory 或 WriteProcessMemory 请求。 (0x12B)
[0629/160112.408:WARNING:pe_image_reader.cc(302)] could not read dos header from C:\WINDOWS\SYSTEM32\USP10.dll
[0629/160112.408:ERROR:process_reader_win.cc(242)] ReadMemory at 0x6f1c0000 of 64 bytes failed: 仅完成部分的 ReadProcessMemory 或 WriteProcessMemory 请求。 (0x12B)
[0629/160112.408:WARNING:pe_image_reader.cc(302)] could not read dos header from C:\WINDOWS\SYSTEM32\WINSPOOL.DRV
[0629/160112.408:ERROR:process_reader_win.cc(242)] ReadMemory at 0x72ac0000 of 64 bytes failed: 仅完成部分的 ReadProcessMemory 或 WriteProcessMemory 请求。 (0x12B)
[0629/160112.408:WARNING:pe_image_reader.cc(302)] could not read dos header from C:\WINDOWS\SYSTEM32\IPHLPAPI.DLL
[0629/160112.408:ERROR:process_reader_win.cc(242)] ReadMemory at 0x72d90000 of 64 bytes failed: 仅完成部分的 ReadProcessMemory 或 WriteProcessMemory 请求。 (0x12B)
[0629/160112.408:WARNING:pe_image_reader.cc(302)] could not read dos header from C:\WINDOWS\SYSTEM32\urlmon.dll
[0629/160112.408:ERROR:process_reader_win.cc(242)] ReadMemory at 0x65e30000 of 64 bytes failed: 仅完成部分的 ReadProcessMemory 或 WriteProcessMemory 请求。 (0x12B)
[0629/160112.408:WARNING:pe_image_reader.cc(302)] could not read dos header from C:\WINDOWS\SYSTEM32\DWrite.dll
[0629/160112.408:ERROR:process_reader_win.cc(242)] ReadMemory at 0x68e60000 of 64 bytes failed: 仅完成部分的 ReadProcessMemory 或 WriteProcessMemory 请求。 (0x12B)
[0629/160112.408:WARNING:pe_image_reader.cc(302)] could not read dos header from C:\WINDOWS\SYSTEM32\dxgi.dll
[0629/160112.409:ERROR:process_reader_win.cc(242)] ReadMemory at 0x720d0000 of 64 bytes failed: 仅完成部分的 ReadProcessMemory 或 WriteProcessMemory 请求。 (0x12B)
[0629/160112.409:WARNING:pe_image_reader.cc(302)] could not read dos header from C:\WINDOWS\SYSTEM32\dhcpcsvc.DLL
[0629/160112.409:ERROR:process_reader_win.cc(242)] ReadMemory at 0x73990000 of 64 bytes failed: 仅完成部分的 ReadProcessMemory 或 WriteProcessMemory 请求。 (0x12B)
[0629/160112.409:WARNING:pe_image_reader.cc(302)] could not read dos header from C:\WINDOWS\System32\NSI.dll
[0629/160112.409:ERROR:process_reader_win.cc(242)] ReadMemory at 0x71940000 of 64 bytes failed: 仅完成部分的 ReadProcessMemory 或 WriteProcessMemory 请求。 (0x12B)
[0629/160112.409:WARNING:pe_image_reader.cc(302)] could not read dos header from C:\WINDOWS\SYSTEM32\PROPSYS.dll
[0629/160112.409:ERROR:process_reader_win.cc(242)] ReadMemory at 0x72670000 of 64 bytes failed: 仅完成部分的 ReadProcessMemory 或 WriteProcessMemory 请求。 (0x12B)
[0629/160112.409:WARNING:pe_image_reader.cc(302)] could not read dos header from C:\WINDOWS\SYSTEM32\iertutil.dll
[0629/160112.420:ERROR:process_reader_win.cc(242)] ReadMemory at 0x4b39000 of 94208 bytes failed: 仅完成部分的 ReadProcessMemory 或 WriteProcessMemory 请求。 (0x12B)
[0629/160112.420:ERROR:crash_report_exception_handler.cc(111)] WriteEverything failed
[0629/160112.422:ERROR:filesystem_win.cc(148)] DeleteFile C:\Users\yadong\AppData\Local\Google\Chrome\User Data\Crashpad\reports\d9269f84-0d69-4837-9c33-dd5223ea3f51.dmp: 另一个程序正在使用此文件，进程无法访问。 (0x20)
[0629/160112.423:ERROR:scoped_process_suspend.cc(40)] NtResumeProcess: 已尝试访问正在退出的过程。 (0xc000010a)
